POSWeb.exe: 00000D9C: 18:54:48 []:>--------------------------------------------------------------<
POSWeb.exe: 00000D9C: 18:54:48 [TUniServerModule]:Server First Init.
POSWeb.exe: 00000D9C: 18:54:48 [TUniServerModule]:Debug Mode = ON
POSWeb.exe: 00000D9C: 18:54:48 [TUniServerModule]:Global Cache Folder Erased. <18> Files deleted.
POSWeb.exe: 00000D9C: 18:54:48 [TUniServerModule]:Starting HTTP Server on Port: 8077...
POSWeb.exe: 00000D9C: 18:54:48 [TUniServerModule]:HTTP Server Started on Port: 8077
POSWeb.exe: 0000098C: 19:00:10 []:>--------------------------------------------------------------<
POSWeb.exe: 0000098C: 19:00:10 [TUniServerModule]:Server First Init.
POSWeb.exe: 0000098C: 19:00:10 [TUniServerModule]:Debug Mode = ON
POSWeb.exe: 0000098C: 19:00:10 [TUniServerModule]:Global Cache Folder Erased. <46> Files deleted.
POSWeb.exe: 0000098C: 19:00:10 [TUniServerModule]:Starting HTTP Server on Port: 8077...
POSWeb.exe: 0000098C: 19:00:10 [TUniServerModule]:HTTP Server Started on Port: 8077
POSWeb.exe: 00000E20: 19:00:19 [127.0.0.1]:EUniSessionException : Invalid session or session Timeout. : Addr: $0079C65F
POSWeb.exe: 00000970: 19:01:26 []:>--------------------------------------------------------------<
POSWeb.exe: 00000970: 19:01:26 [TUniServerModule]:Server First Init.
POSWeb.exe: 00000970: 19:01:26 [TUniServerModule]:Debug Mode = ON
POSWeb.exe: 00000970: 19:01:26 [TUniServerModule]:Global Cache Folder Erased. <47> Files deleted.
POSWeb.exe: 00000970: 19:01:26 [TUniServerModule]:Starting HTTP Server on Port: 8077...
POSWeb.exe: 00000970: 19:01:26 [TUniServerModule]:HTTP Server Started on Port: 8077
POSWeb.exe: 000002C4: 19:01:31 [127.0.0.1]:EUniSessionException : Invalid session or session Timeout. : Addr: $0079C65F
POSWeb.exe: 000012CC: 19:02:28 []:>--------------------------------------------------------------<
POSWeb.exe: 000012CC: 19:02:28 [TUniServerModule]:Server First Init.
POSWeb.exe: 000012CC: 19:02:28 [TUniServerModule]:Debug Mode = ON
POSWeb.exe: 000012CC: 19:02:28 [TUniServerModule]:Global Cache Folder Erased. <47> Files deleted.
POSWeb.exe: 000012CC: 19:02:28 [TUniServerModule]:Starting HTTP Server on Port: 8077...
POSWeb.exe: 000012CC: 19:02:28 [TUniServerModule]:HTTP Server Started on Port: 8077
POSWeb.exe: 00000860: 19:02:36 [127.0.0.1]:EUniSessionException : Invalid session or session Timeout. : Addr: $0079C65F
POSWeb.exe: 000003D0: 19:18:05 []:>--------------------------------------------------------------<
POSWeb.exe: 000003D0: 19:18:05 [TUniServerModule]:Server First Init.
POSWeb.exe: 000003D0: 19:18:05 [TUniServerModule]:Debug Mode = ON
POSWeb.exe: 000003D0: 19:18:05 [TUniServerModule]:Global Cache Folder Erased. <51> Files deleted.
POSWeb.exe: 000003D0: 19:18:05 [TUniServerModule]:Starting HTTP Server on Port: 8077...
POSWeb.exe: 000003D0: 19:18:05 [TUniServerModule]:HTTP Server Started on Port: 8077
POSWeb.exe: 0000127C: 19:18:09 [127.0.0.1]:EUniSessionException : Invalid session or session Timeout. : Addr: $0079C65F
POSWeb.exe: 000004F8: 19:19:23 []:>--------------------------------------------------------------<
POSWeb.exe: 000004F8: 19:19:23 [TUniServerModule]:Server First Init.
POSWeb.exe: 000004F8: 19:19:23 [TUniServerModule]:Debug Mode = ON
POSWeb.exe: 000004F8: 19:19:23 [TUniServerModule]:Global Cache Folder Erased. <46> Files deleted.
POSWeb.exe: 000004F8: 19:19:23 [TUniServerModule]:Starting HTTP Server on Port: 8077...
POSWeb.exe: 000004F8: 19:19:23 [TUniServerModule]:HTTP Server Started on Port: 8077
POSWeb.exe: 00000C14: 19:19:23 [127.0.0.1]:EUniSessionException : Invalid session or session Timeout. : Addr: $0079C65F
POSWeb.exe: 00000DB0: 19:20:45 []:>--------------------------------------------------------------<
POSWeb.exe: 00000DB0: 19:20:45 [TUniServerModule]:Server First Init.
POSWeb.exe: 00000DB0: 19:20:45 [TUniServerModule]:Debug Mode = ON
POSWeb.exe: 00000DB0: 19:20:46 [TUniServerModule]:Global Cache Folder Erased. <48> Files deleted.
POSWeb.exe: 00000DB0: 19:20:46 [TUniServerModule]:Starting HTTP Server on Port: 8077...
POSWeb.exe: 00000DB0: 19:20:46 [TUniServerModule]:HTTP Server Started on Port: 8077
POSWeb.exe: 0000034C: 19:20:53 [127.0.0.1]:EUniSessionException : Invalid session or session Timeout. : Addr: $0079C65F
POSWeb.exe: 00000C38: 19:48:35 []:>--------------------------------------------------------------<
POSWeb.exe: 00000C38: 19:48:35 [TUniServerModule]:Server First Init.
POSWeb.exe: 00000C38: 19:48:35 [TUniServerModule]:Debug Mode = ON
POSWeb.exe: 00000C38: 19:48:35 [TUniServerModule]:Global Cache Folder Erased. <51> Files deleted.
POSWeb.exe: 00000C38: 19:48:35 [TUniServerModule]:Starting HTTP Server on Port: 8077...
POSWeb.exe: 00000C38: 19:48:35 [TUniServerModule]:HTTP Server Started on Port: 8077
POSWeb.exe: 000009B4: 19:48:40 [127.0.0.1]:EUniSessionException : Invalid session or session Timeout. : Addr: $0079C65F
POSWeb.exe: 000005E4: 19:49:58 []:>--------------------------------------------------------------<
POSWeb.exe: 000005E4: 19:49:58 [TUniServerModule]:Server First Init.
POSWeb.exe: 000005E4: 19:49:58 [TUniServerModule]:Debug Mode = ON
POSWeb.exe: 000005E4: 19:49:58 [TUniServerModule]:Global Cache Folder Erased. <61> Files deleted.
POSWeb.exe: 000005E4: 19:49:58 [TUniServerModule]:Starting HTTP Server on Port: 8077...
POSWeb.exe: 000005E4: 19:49:58 [TUniServerModule]:HTTP Server Started on Port: 8077
POSWeb.exe: 00001080: 19:50:07 [127.0.0.1]:EUniSessionException : Invalid session or session Timeout. : Addr: $0079C65F
POSWeb.exe: 00000534: 19:53:25 []:>--------------------------------------------------------------<
POSWeb.exe: 00000534: 19:53:25 [TUniServerModule]:Server First Init.
POSWeb.exe: 00000534: 19:53:25 [TUniServerModule]:Debug Mode = ON
POSWeb.exe: 00000534: 19:53:25 [TUniServerModule]:Global Cache Folder Erased. <67> Files deleted.
POSWeb.exe: 00000534: 19:53:25 [TUniServerModule]:Starting HTTP Server on Port: 8077...
POSWeb.exe: 00000534: 19:53:25 [TUniServerModule]:HTTP Server Started on Port: 8077
POSWeb.exe: 000013C0: 19:53:28 [127.0.0.1]:EUniSessionException : Invalid session or session Timeout. : Addr: $0079C65F
POSWeb.exe: 000013C4: 19:55:03 []:>--------------------------------------------------------------<
POSWeb.exe: 000013C4: 19:55:03 [TUniServerModule]:Server First Init.
POSWeb.exe: 000013C4: 19:55:03 [TUniServerModule]:Debug Mode = ON
POSWeb.exe: 000013C4: 19:55:03 [TUniServerModule]:Global Cache Folder Erased. <46> Files deleted.
POSWeb.exe: 000013C4: 19:55:03 [TUniServerModule]:Starting HTTP Server on Port: 8077...
POSWeb.exe: 000013C4: 19:55:03 [TUniServerModule]:HTTP Server Started on Port: 8077
POSWeb.exe: 00000F18: 19:55:06 [127.0.0.1]:EUniSessionException : Invalid session or session Timeout. : Addr: $0079C65F
POSWeb.exe: 00000434: 19:57:27 []:>--------------------------------------------------------------<
POSWeb.exe: 00000434: 19:57:27 [TUniServerModule]:Server First Init.
POSWeb.exe: 00000434: 19:57:27 [TUniServerModule]:Debug Mode = ON
POSWeb.exe: 00000434: 19:57:27 [TUniServerModule]:Global Cache Folder Erased. <56> Files deleted.
POSWeb.exe: 00000434: 19:57:27 [TUniServerModule]:Starting HTTP Server on Port: 8077...
POSWeb.exe: 00000434: 19:57:27 [TUniServerModule]:HTTP Server Started on Port: 8077
POSWeb.exe: 000007D4: 19:57:32 [127.0.0.1]:EUniSessionException : Invalid session or session Timeout. : Addr: $0079C65F
POSWeb.exe: 00000C50: 20:00:28 []:>--------------------------------------------------------------<
POSWeb.exe: 00000C50: 20:00:28 [TUniServerModule]:Server First Init.
POSWeb.exe: 00000C50: 20:00:28 [TUniServerModule]:Debug Mode = ON
POSWeb.exe: 00000C50: 20:00:28 [TUniServerModule]:Global Cache Folder Erased. <78> Files deleted.
POSWeb.exe: 00000C50: 20:00:28 [TUniServerModule]:Starting HTTP Server on Port: 8077...
POSWeb.exe: 00000C50: 20:00:28 [TUniServerModule]:HTTP Server Started on Port: 8077
POSWeb.exe: 00001088: 20:00:39 []:>--------------------------------------------------------------<
POSWeb.exe: 00001088: 20:00:39 [TUniServerModule]:Server First Init.
POSWeb.exe: 00001088: 20:00:39 [TUniServerModule]:Debug Mode = ON
POSWeb.exe: 00001088: 20:00:39 [TUniServerModule]:Global Cache Folder Erased. <1> Files deleted.
POSWeb.exe: 00001088: 20:00:39 [TUniServerModule]:Starting HTTP Server on Port: 8077...
POSWeb.exe: 00001088: 20:00:39 [TUniServerModule]:HTTP Server Started on Port: 8077
POSWeb.exe: 00000B70: 20:00:41 [127.0.0.1]:EUniSessionException : Invalid session or session Timeout. : Addr: $0079C65F
POSWeb.exe: 00001250: 20:02:47 []:>--------------------------------------------------------------<
POSWeb.exe: 00001250: 20:02:47 [TUniServerModule]:Server First Init.
POSWeb.exe: 00001250: 20:02:47 [TUniServerModule]:Debug Mode = ON
POSWeb.exe: 00001250: 20:02:47 [TUniServerModule]:Global Cache Folder Erased. <74> Files deleted.
POSWeb.exe: 00001250: 20:02:47 [TUniServerModule]:Starting HTTP Server on Port: 8077...
POSWeb.exe: 00001250: 20:02:47 [TUniServerModule]:HTTP Server Started on Port: 8077
POSWeb.exe: 000011E8: 20:02:51 [127.0.0.1]:EUniSessionException : Invalid session or session Timeout. : Addr: $0079C65F
POSWeb.exe: 000013B4: 20:03:39 []:>--------------------------------------------------------------<
POSWeb.exe: 000013B4: 20:03:39 [TUniServerModule]:Server First Init.
POSWeb.exe: 000013B4: 20:03:39 [TUniServerModule]:Debug Mode = ON
POSWeb.exe: 000013B4: 20:03:39 [TUniServerModule]:Global Cache Folder Erased. <69> Files deleted.
POSWeb.exe: 000013B4: 20:03:39 [TUniServerModule]:Starting HTTP Server on Port: 8077...
POSWeb.exe: 000013B4: 20:03:39 [TUniServerModule]:HTTP Server Started on Port: 8077
POSWeb.exe: 00000C84: 20:03:42 [127.0.0.1]:EUniSessionException : Invalid session or session Timeout. : Addr: $0079C65F
POSWeb.exe: 0000122C: 20:05:49 []:>--------------------------------------------------------------<
POSWeb.exe: 0000122C: 20:05:49 [TUniServerModule]:Server First Init.
POSWeb.exe: 0000122C: 20:05:49 [TUniServerModule]:Debug Mode = ON
POSWeb.exe: 0000122C: 20:05:49 [TUniServerModule]:Global Cache Folder Erased. <60> Files deleted.
POSWeb.exe: 0000122C: 20:05:49 [TUniServerModule]:Starting HTTP Server on Port: 8077...
POSWeb.exe: 0000122C: 20:05:49 [TUniServerModule]:HTTP Server Started on Port: 8077
POSWeb.exe: 00000A40: 20:05:54 [127.0.0.1]:EUniSessionException : Invalid session or session Timeout. : Addr: $0079C65F
POSWeb.exe: 00000D80: 20:08:19 []:>--------------------------------------------------------------<
POSWeb.exe: 00000D80: 20:08:19 [TUniServerModule]:Server First Init.
POSWeb.exe: 00000D80: 20:08:19 [TUniServerModule]:Debug Mode = ON
POSWeb.exe: 00000D80: 20:08:19 [TUniServerModule]:Global Cache Folder Erased. <50> Files deleted.
POSWeb.exe: 00000D80: 20:08:19 [TUniServerModule]:Starting HTTP Server on Port: 8077...
POSWeb.exe: 00000D80: 20:08:19 [TUniServerModule]:HTTP Server Started on Port: 8077
POSWeb.exe: 000005DC: 20:08:27 [127.0.0.1]:EUniSessionException : Invalid session or session Timeout. : Addr: $0079C65F
