POSWeb.exe: 000005F8: 21:35:07 []:>--------------------------------------------------------------<
POSWeb.exe: 000005F8: 21:35:07 [TUniServerModule]:Server First Init.
POSWeb.exe: 000005F8: 21:35:07 [TUniServerModule]:Debug Mode = ON
POSWeb.exe: 000005F8: 21:35:07 [TUniServerModule]:Global Cache Folder Erased. <19> Files deleted.
POSWeb.exe: 000005F8: 21:35:07 [TUniServerModule]:Starting HTTP Server on Port: 8077...
POSWeb.exe: 000005F8: 21:35:07 [TUniServerModule]:HTTP Server Started on Port: 8077
POSWeb.exe: 00001184: 21:38:19 []:>--------------------------------------------------------------<
POSWeb.exe: 00001184: 21:38:19 [TUniServerModule]:Server First Init.
POSWeb.exe: 00001184: 21:38:19 [TUniServerModule]:Debug Mode = ON
POSWeb.exe: 00001184: 21:38:19 [TUniServerModule]:Global Cache Folder Erased. <51> Files deleted.
POSWeb.exe: 00001184: 21:38:19 [TUniServerModule]:Starting HTTP Server on Port: 8077...
POSWeb.exe: 00001184: 21:38:19 [TUniServerModule]:HTTP Server Started on Port: 8077
POSWeb.exe: 000011E8: 21:38:26 [127.0.0.1]:EUniSessionException : Invalid session or session Timeout. : Addr: $0079C65F
POSWeb.exe: 00000DDC: 21:49:51 []:>--------------------------------------------------------------<
POSWeb.exe: 00000DDC: 21:49:51 [TUniServerModule]:Server First Init.
POSWeb.exe: 00000DDC: 21:49:51 [TUniServerModule]:Debug Mode = ON
POSWeb.exe: 00000DDC: 21:49:51 [TUniServerModule]:Global Cache Folder Erased. <16> Files deleted.
POSWeb.exe: 00000DDC: 21:49:51 [TUniServerModule]:Starting HTTP Server on Port: 8077...
POSWeb.exe: 00000DDC: 21:49:51 [TUniServerModule]:HTTP Server Started on Port: 8077
POSWeb.exe: 00000ED4: 21:49:55 [127.0.0.1]:EUniSessionException : Invalid session or session Timeout. : Addr: $0079C65F
POSWeb.exe: 00001360: 21:51:12 []:>--------------------------------------------------------------<
POSWeb.exe: 00001360: 21:51:12 [TUniServerModule]:Server First Init.
POSWeb.exe: 00001360: 21:51:12 [TUniServerModule]:Debug Mode = ON
POSWeb.exe: 00001360: 21:51:12 [TUniServerModule]:Global Cache Folder Erased. <27> Files deleted.
POSWeb.exe: 00001360: 21:51:12 [TUniServerModule]:Starting HTTP Server on Port: 8077...
POSWeb.exe: 00001360: 21:51:12 [TUniServerModule]:HTTP Server Started on Port: 8077
POSWeb.exe: 00001138: 21:51:12 [127.0.0.1]:EUniSessionException : Invalid session or session Timeout. : Addr: $0079C65F
POSWeb.exe: 000009B4: 21:54:50 []:>--------------------------------------------------------------<
POSWeb.exe: 000009B4: 21:54:50 [TUniServerModule]:Server First Init.
POSWeb.exe: 000009B4: 21:54:50 [TUniServerModule]:Debug Mode = ON
POSWeb.exe: 000009B4: 21:54:50 [TUniServerModule]:Global Cache Folder Erased. <44> Files deleted.
POSWeb.exe: 000009B4: 21:54:50 [TUniServerModule]:Starting HTTP Server on Port: 8077...
POSWeb.exe: 000009B4: 21:54:50 [TUniServerModule]:HTTP Server Started on Port: 8077
POSWeb.exe: 000011E0: 21:54:50 [127.0.0.1]:EUniSessionException : Invalid session or session Timeout. : Addr: $0079C65F
POSWeb.exe: 00000D14: 21:55:53 []:>--------------------------------------------------------------<
POSWeb.exe: 00000D14: 21:55:53 [TUniServerModule]:Server First Init.
POSWeb.exe: 00000D14: 21:55:53 [TUniServerModule]:Debug Mode = ON
POSWeb.exe: 00000D14: 21:55:53 [TUniServerModule]:Global Cache Folder Erased. <44> Files deleted.
POSWeb.exe: 00000D14: 21:55:53 [TUniServerModule]:Starting HTTP Server on Port: 8077...
POSWeb.exe: 00000D14: 21:55:53 [TUniServerModule]:HTTP Server Started on Port: 8077
POSWeb.exe: 00000F04: 21:55:54 [127.0.0.1]:EUniSessionException : Invalid session or session Timeout. : Addr: $0079C65F
POSWeb.exe: 00000D08: 21:57:08 []:>--------------------------------------------------------------<
POSWeb.exe: 00000D08: 21:57:08 [TUniServerModule]:Server First Init.
POSWeb.exe: 00000D08: 21:57:08 [TUniServerModule]:Debug Mode = ON
POSWeb.exe: 00000D08: 21:57:08 [TUniServerModule]:Global Cache Folder Erased. <44> Files deleted.
POSWeb.exe: 00000D08: 21:57:08 [TUniServerModule]:Starting HTTP Server on Port: 8077...
POSWeb.exe: 00000D08: 21:57:09 [TUniServerModule]:HTTP Server Started on Port: 8077
POSWeb.exe: 00001024: 21:57:13 [127.0.0.1]:EUniSessionException : Invalid session or session Timeout. : Addr: $0079C65F
POSWeb.exe: 000012D8: 21:57:50 []:>--------------------------------------------------------------<
POSWeb.exe: 000012D8: 21:57:50 [TUniServerModule]:Server First Init.
POSWeb.exe: 000012D8: 21:57:50 [TUniServerModule]:Debug Mode = ON
POSWeb.exe: 000012D8: 21:57:50 [TUniServerModule]:Global Cache Folder Erased. <47> Files deleted.
POSWeb.exe: 000012D8: 21:57:50 [TUniServerModule]:Starting HTTP Server on Port: 8077...
POSWeb.exe: 000012D8: 21:57:50 [TUniServerModule]:HTTP Server Started on Port: 8077
POSWeb.exe: 00000F78: 21:57:55 [127.0.0.1]:EUniSessionException : Invalid session or session Timeout. : Addr: $0079C65F
POSWeb.exe: 000002A0: 21:59:33 []:>--------------------------------------------------------------<
POSWeb.exe: 000002A0: 21:59:33 [TUniServerModule]:Server First Init.
POSWeb.exe: 000002A0: 21:59:33 [TUniServerModule]:Debug Mode = ON
POSWeb.exe: 000002A0: 21:59:33 [TUniServerModule]:Global Cache Folder Erased. <44> Files deleted.
POSWeb.exe: 000002A0: 21:59:33 [TUniServerModule]:Starting HTTP Server on Port: 8077...
POSWeb.exe: 000002A0: 21:59:33 [TUniServerModule]:HTTP Server Started on Port: 8077
POSWeb.exe: 00000D58: 21:59:37 [127.0.0.1]:EUniSessionException : Invalid session or session Timeout. : Addr: $0079C65F
POSWeb.exe: 00001350: 22:03:37 []:>--------------------------------------------------------------<
POSWeb.exe: 00001350: 22:03:37 [TUniServerModule]:Server First Init.
POSWeb.exe: 00001350: 22:03:37 [TUniServerModule]:Debug Mode = ON
POSWeb.exe: 00001350: 22:03:37 [TUniServerModule]:Global Cache Folder Erased. <51> Files deleted.
POSWeb.exe: 00001350: 22:03:37 [TUniServerModule]:Starting HTTP Server on Port: 8077...
POSWeb.exe: 00001350: 22:03:37 [TUniServerModule]:HTTP Server Started on Port: 8077
POSWeb.exe: 00000A28: 22:07:35 []:>--------------------------------------------------------------<
POSWeb.exe: 00000A28: 22:07:35 [TUniServerModule]:Server First Init.
POSWeb.exe: 00000A28: 22:07:35 [TUniServerModule]:Debug Mode = ON
POSWeb.exe: 00000A28: 22:07:35 [TUniServerModule]:Global Cache Folder Erased. <1> Files deleted.
POSWeb.exe: 00000A28: 22:07:36 [TUniServerModule]:Starting HTTP Server on Port: 8077...
POSWeb.exe: 00000A28: 22:07:36 [TUniServerModule]:HTTP Server Started on Port: 8077
POSWeb.exe: 0000121C: 22:07:40 [127.0.0.1]:EUniSessionException : Invalid session or session Timeout. : Addr: $0079C65F
POSWeb.exe: 00001320: 22:09:59 []:>--------------------------------------------------------------<
POSWeb.exe: 00001320: 22:09:59 [TUniServerModule]:Server First Init.
POSWeb.exe: 00001320: 22:09:59 [TUniServerModule]:Debug Mode = ON
POSWeb.exe: 00001320: 22:09:59 [TUniServerModule]:Global Cache Folder Erased. <54> Files deleted.
POSWeb.exe: 00001320: 22:09:59 [TUniServerModule]:Starting HTTP Server on Port: 8077...
POSWeb.exe: 00001320: 22:09:59 [TUniServerModule]:HTTP Server Started on Port: 8077
POSWeb.exe: 0000083C: 22:10:02 [127.0.0.1]:EUniSessionException : Invalid session or session Timeout. : Addr: $0079C65F
POSWeb.exe: 00001024: 22:21:54 [127.0.0.1]:EUniSessionException : Invalid session or session Timeout. : Addr: $0079C65F
