POSWeb.exe: 000000D0: 18:19:57 []:>--------------------------------------------------------------<
POSWeb.exe: 000000D0: 18:19:57 [TUniServerModule]:Server First Init.
POSWeb.exe: 000000D0: 18:19:57 [TUniServerModule]:Global Cache Folder Erased. <9> Files deleted.
POSWeb.exe: 000000D0: 18:19:57 [TUniServerModule]:Starting HTTP Server on Port: 8077...
POSWeb.exe: 000000D0: 18:19:57 [TUniServerModule]:HTTP Server Started on Port: 8077
POSWeb.exe: 00000F30: 18:20:54 []:>--------------------------------------------------------------<
POSWeb.exe: 00000F30: 18:20:54 [TUniServerModule]:Server First Init.
POSWeb.exe: 00000F30: 18:20:54 [TUniServerModule]:Debug Mode = ON
POSWeb.exe: 00000F30: 18:20:54 [TUniServerModule]:Global Cache Folder Erased. <1> Files deleted.
POSWeb.exe: 00000F30: 18:20:54 [TUniServerModule]:Starting HTTP Server on Port: 8077...
POSWeb.exe: 00000F30: 18:20:54 [TUniServerModule]:HTTP Server Started on Port: 8077
POSWeb.exe: 0000021C: 18:26:48 []:>--------------------------------------------------------------<
POSWeb.exe: 0000021C: 18:26:48 [TUniServerModule]:Server First Init.
POSWeb.exe: 0000021C: 18:26:48 [TUniServerModule]:Debug Mode = ON
POSWeb.exe: 0000021C: 18:26:48 [TUniServerModule]:Global Cache Folder Erased. <9> Files deleted.
POSWeb.exe: 0000021C: 18:26:48 [TUniServerModule]:Starting HTTP Server on Port: 8077...
POSWeb.exe: 0000021C: 18:26:48 [TUniServerModule]:HTTP Server Started on Port: 8077
POSWeb.exe: 00000F18: 18:27:02 [127.0.0.1]:EUniSessionException : Invalid session or session Timeout. : Addr: $00795677
POSWeb.exe: 000012B0: 18:30:21 []:>--------------------------------------------------------------<
POSWeb.exe: 000012B0: 18:30:21 [TUniServerModule]:Server First Init.
POSWeb.exe: 000012B0: 18:30:21 [TUniServerModule]:Debug Mode = ON
POSWeb.exe: 000012B0: 18:30:21 [TUniServerModule]:Global Cache Folder Erased. <9> Files deleted.
POSWeb.exe: 000012B0: 18:30:21 [TUniServerModule]:Starting HTTP Server on Port: 8077...
POSWeb.exe: 000012B0: 18:30:21 [TUniServerModule]:HTTP Server Started on Port: 8077
POSWeb.exe: 00000D90: 18:30:30 [127.0.0.1]:EUniSessionException : Invalid session or session Timeout. : Addr: $00795677
POSWeb.exe: 0000129C: 18:35:51 []:>--------------------------------------------------------------<
POSWeb.exe: 0000129C: 18:35:51 [TUniServerModule]:Server First Init.
POSWeb.exe: 0000129C: 18:35:51 [TUniServerModule]:Debug Mode = ON
POSWeb.exe: 0000129C: 18:35:51 [TUniServerModule]:Global Cache Folder Erased. <10> Files deleted.
POSWeb.exe: 0000129C: 18:35:51 [TUniServerModule]:Starting HTTP Server on Port: 8077...
POSWeb.exe: 0000129C: 18:35:51 [TUniServerModule]:HTTP Server Started on Port: 8077
POSWeb.exe: 00000518: 18:38:03 []:>--------------------------------------------------------------<
POSWeb.exe: 00000518: 18:38:03 [TUniServerModule]:Server First Init.
POSWeb.exe: 00000518: 18:38:03 [TUniServerModule]:Debug Mode = ON
POSWeb.exe: 00000518: 18:38:03 [TUniServerModule]:Global Cache Folder Erased. <2> Files deleted.
POSWeb.exe: 00000518: 18:38:03 [TUniServerModule]:Starting HTTP Server on Port: 8077...
POSWeb.exe: 00000518: 18:38:03 [TUniServerModule]:HTTP Server Started on Port: 8077
POSWeb.exe: 00000558: 18:38:19 []:>--------------------------------------------------------------<
POSWeb.exe: 00000558: 18:38:19 [TUniServerModule]:Server First Init.
POSWeb.exe: 00000558: 18:38:19 [TUniServerModule]:Debug Mode = ON
POSWeb.exe: 00000558: 18:38:19 [TUniServerModule]:Global Cache Folder Erased. <1> Files deleted.
POSWeb.exe: 00000558: 18:38:19 [TUniServerModule]:Starting HTTP Server on Port: 8077...
POSWeb.exe: 00000558: 18:38:19 [TUniServerModule]:HTTP Server Started on Port: 8077
POSWeb.exe: 000013C4: 18:39:20 []:>--------------------------------------------------------------<
POSWeb.exe: 000013C4: 18:39:20 [TUniServerModule]:Server First Init.
POSWeb.exe: 000013C4: 18:39:20 [TUniServerModule]:Debug Mode = ON
POSWeb.exe: 000013C4: 18:39:20 [TUniServerModule]:Global Cache Folder Erased. <2> Files deleted.
POSWeb.exe: 000013C4: 18:39:20 [TUniServerModule]:Starting HTTP Server on Port: 8077...
POSWeb.exe: 000013C4: 18:39:20 [TUniServerModule]:HTTP Server Started on Port: 8077
POSWeb.exe: 00000D0C: 18:41:54 []:>--------------------------------------------------------------<
POSWeb.exe: 00000D0C: 18:41:54 [TUniServerModule]:Server First Init.
POSWeb.exe: 00000D0C: 18:41:54 [TUniServerModule]:Debug Mode = ON
POSWeb.exe: 00000D0C: 18:41:54 [TUniServerModule]:Global Cache Folder Erased. <2> Files deleted.
POSWeb.exe: 00000D0C: 18:41:54 [TUniServerModule]:Starting HTTP Server on Port: 8077...
POSWeb.exe: 00000D0C: 18:41:55 [TUniServerModule]:HTTP Server Started on Port: 8077
POSWeb.exe: 00001370: 18:44:49 []:>--------------------------------------------------------------<
POSWeb.exe: 00001370: 18:44:49 [TUniServerModule]:Server First Init.
POSWeb.exe: 00001370: 18:44:49 [TUniServerModule]:Debug Mode = ON
POSWeb.exe: 00001370: 18:44:49 [TUniServerModule]:Global Cache Folder Erased. <6> Files deleted.
POSWeb.exe: 00001370: 18:44:49 [TUniServerModule]:Starting HTTP Server on Port: 8077...
POSWeb.exe: 00001370: 18:44:49 [TUniServerModule]:HTTP Server Started on Port: 8077
POSWeb.exe: 000009B4: 18:51:52 []:>--------------------------------------------------------------<
POSWeb.exe: 000009B4: 18:51:52 [TUniServerModule]:Server First Init.
POSWeb.exe: 000009B4: 18:51:52 [TUniServerModule]:Debug Mode = ON
POSWeb.exe: 000009B4: 18:51:52 [TUniServerModule]:Global Cache Folder Erased. <2> Files deleted.
POSWeb.exe: 000009B4: 18:51:52 [TUniServerModule]:Starting HTTP Server on Port: 8077...
POSWeb.exe: 000009B4: 18:51:52 [TUniServerModule]:HTTP Server Started on Port: 8077
POSWeb.exe: 00000618: 18:54:31 []:>--------------------------------------------------------------<
POSWeb.exe: 00000618: 18:54:31 [TUniServerModule]:Server First Init.
POSWeb.exe: 00000618: 18:54:31 [TUniServerModule]:Debug Mode = ON
POSWeb.exe: 00000618: 18:54:31 [TUniServerModule]:Global Cache Folder Erased. <2> Files deleted.
POSWeb.exe: 00000618: 18:54:31 [TUniServerModule]:Starting HTTP Server on Port: 8077...
POSWeb.exe: 00000618: 18:54:31 [TUniServerModule]:HTTP Server Started on Port: 8077
POSWeb.exe: 00000870: 18:58:37 []:>--------------------------------------------------------------<
POSWeb.exe: 00000870: 18:58:37 [TUniServerModule]:Server First Init.
POSWeb.exe: 00000870: 18:58:37 [TUniServerModule]:Debug Mode = ON
POSWeb.exe: 00000870: 18:58:37 [TUniServerModule]:Global Cache Folder Erased. <2> Files deleted.
POSWeb.exe: 00000870: 18:58:37 [TUniServerModule]:Starting HTTP Server on Port: 8077...
POSWeb.exe: 00000870: 18:58:37 [TUniServerModule]:HTTP Server Started on Port: 8077
POSWeb.exe: 00001234: 18:59:40 []:>--------------------------------------------------------------<
POSWeb.exe: 00001234: 18:59:40 [TUniServerModule]:Server First Init.
POSWeb.exe: 00001234: 18:59:40 [TUniServerModule]:Debug Mode = ON
POSWeb.exe: 00001234: 18:59:40 [TUniServerModule]:Global Cache Folder Erased. <2> Files deleted.
POSWeb.exe: 00001234: 18:59:40 [TUniServerModule]:Starting HTTP Server on Port: 8077...
POSWeb.exe: 00001234: 18:59:41 [TUniServerModule]:HTTP Server Started on Port: 8077
POSWeb.exe: 00000E78: 19:03:06 []:>--------------------------------------------------------------<
POSWeb.exe: 00000E78: 19:03:06 [TUniServerModule]:Server First Init.
POSWeb.exe: 00000E78: 19:03:06 [TUniServerModule]:Debug Mode = ON
POSWeb.exe: 00000E78: 19:03:06 [TUniServerModule]:Global Cache Folder Erased. <2> Files deleted.
POSWeb.exe: 00000E78: 19:03:06 [TUniServerModule]:Starting HTTP Server on Port: 8077...
POSWeb.exe: 00000E78: 19:03:06 [TUniServerModule]:HTTP Server Started on Port: 8077
POSWeb.exe: 00000D0C: 19:03:34 []:>--------------------------------------------------------------<
POSWeb.exe: 00000D0C: 19:03:34 [TUniServerModule]:Server First Init.
POSWeb.exe: 00000D0C: 19:03:34 [TUniServerModule]:Debug Mode = ON
POSWeb.exe: 00000D0C: 19:03:34 [TUniServerModule]:Global Cache Folder Erased. <4> Files deleted.
POSWeb.exe: 00000D0C: 19:03:34 [TUniServerModule]:Starting HTTP Server on Port: 8077...
POSWeb.exe: 00000D0C: 19:03:34 [TUniServerModule]:HTTP Server Started on Port: 8077
POSWeb.exe: 000000D0: 19:08:51 []:>--------------------------------------------------------------<
POSWeb.exe: 000000D0: 19:08:51 [TUniServerModule]:Server First Init.
POSWeb.exe: 000000D0: 19:08:51 [TUniServerModule]:Debug Mode = ON
POSWeb.exe: 000000D0: 19:08:51 [TUniServerModule]:Global Cache Folder Erased. <10> Files deleted.
POSWeb.exe: 000000D0: 19:08:51 [TUniServerModule]:Starting HTTP Server on Port: 8077...
POSWeb.exe: 000000D0: 19:08:51 [TUniServerModule]:HTTP Server Started on Port: 8077
POSWeb.exe: 00001078: 19:11:20 []:>--------------------------------------------------------------<
POSWeb.exe: 00001078: 19:11:20 [TUniServerModule]:Server First Init.
POSWeb.exe: 00001078: 19:11:20 [TUniServerModule]:Debug Mode = ON
POSWeb.exe: 00001078: 19:11:20 [TUniServerModule]:Global Cache Folder Erased. <9> Files deleted.
POSWeb.exe: 00001078: 19:11:20 [TUniServerModule]:Starting HTTP Server on Port: 8077...
POSWeb.exe: 00001078: 19:11:20 [TUniServerModule]:HTTP Server Started on Port: 8077
POSWeb.exe: 00000F60: 19:11:36 [127.0.0.1]:EUniSessionException : Invalid session or session Timeout. : Addr: $00796453
POSWeb.exe: 000011AC: 19:15:45 []:>--------------------------------------------------------------<
POSWeb.exe: 000011AC: 19:15:45 [TUniServerModule]:Server First Init.
POSWeb.exe: 000011AC: 19:15:45 [TUniServerModule]:Debug Mode = ON
POSWeb.exe: 000011AC: 19:15:45 [TUniServerModule]:Global Cache Folder Erased. <10> Files deleted.
POSWeb.exe: 000011AC: 19:15:45 [TUniServerModule]:Starting HTTP Server on Port: 8077...
POSWeb.exe: 000011AC: 19:15:45 [TUniServerModule]:HTTP Server Started on Port: 8077
POSWeb.exe: 000012E0: 19:16:02 []:>--------------------------------------------------------------<
POSWeb.exe: 000012E0: 19:16:02 [TUniServerModule]:Server First Init.
POSWeb.exe: 000012E0: 19:16:02 [TUniServerModule]:Debug Mode = ON
POSWeb.exe: 000012E0: 19:16:02 [TUniServerModule]:Global Cache Folder Erased. <1> Files deleted.
POSWeb.exe: 000012E0: 19:16:02 [TUniServerModule]:Starting HTTP Server on Port: 8077...
POSWeb.exe: 000012E0: 19:16:02 [TUniServerModule]:HTTP Server Started on Port: 8077
POSWeb.exe: 00000230: 19:18:45 []:>--------------------------------------------------------------<
POSWeb.exe: 00000230: 19:18:45 [TUniServerModule]:Server First Init.
POSWeb.exe: 00000230: 19:18:45 [TUniServerModule]:Debug Mode = ON
POSWeb.exe: 00000230: 19:18:45 [TUniServerModule]:Global Cache Folder Erased. <7> Files deleted.
POSWeb.exe: 00000230: 19:18:45 [TUniServerModule]:Starting HTTP Server on Port: 8077...
POSWeb.exe: 00000230: 19:18:45 [TUniServerModule]:HTTP Server Started on Port: 8077
POSWeb.exe: 00000A44: 19:21:15 []:>--------------------------------------------------------------<
POSWeb.exe: 00000A44: 19:21:15 [TUniServerModule]:Server First Init.
POSWeb.exe: 00000A44: 19:21:15 [TUniServerModule]:Debug Mode = ON
POSWeb.exe: 00000A44: 19:21:15 [TUniServerModule]:Global Cache Folder Erased. <10> Files deleted.
POSWeb.exe: 00000A44: 19:21:15 [TUniServerModule]:Starting HTTP Server on Port: 8077...
POSWeb.exe: 00000A44: 19:21:16 [TUniServerModule]:HTTP Server Started on Port: 8077
POSWeb.exe: 000003BC: 19:23:20 []:>--------------------------------------------------------------<
POSWeb.exe: 000003BC: 19:23:20 [TUniServerModule]:Server First Init.
POSWeb.exe: 000003BC: 19:23:20 [TUniServerModule]:Debug Mode = ON
POSWeb.exe: 000003BC: 19:23:20 [TUniServerModule]:Global Cache Folder Erased. <9> Files deleted.
POSWeb.exe: 000003BC: 19:23:20 [TUniServerModule]:Starting HTTP Server on Port: 8077...
POSWeb.exe: 000003BC: 19:23:20 [TUniServerModule]:HTTP Server Started on Port: 8077
POSWeb.exe: 00000E20: 19:24:02 [127.0.0.1]:EUniSessionException : Invalid session or session Timeout. : Addr: $00796453
POSWeb.exe: 0000093C: 19:25:24 []:>--------------------------------------------------------------<
POSWeb.exe: 0000093C: 19:25:24 [TUniServerModule]:Server First Init.
POSWeb.exe: 0000093C: 19:25:24 [TUniServerModule]:Debug Mode = ON
POSWeb.exe: 0000093C: 19:25:24 [TUniServerModule]:Global Cache Folder Erased. <9> Files deleted.
POSWeb.exe: 0000093C: 19:25:24 [TUniServerModule]:Starting HTTP Server on Port: 8077...
POSWeb.exe: 0000093C: 19:25:24 [TUniServerModule]:HTTP Server Started on Port: 8077
POSWeb.exe: 00000FF4: 19:25:48 [127.0.0.1]:EUniSessionException : Invalid session or session Timeout. : Addr: $00796453
POSWeb.exe: 0000138C: 19:28:12 []:>--------------------------------------------------------------<
POSWeb.exe: 0000138C: 19:28:12 [TUniServerModule]:Server First Init.
POSWeb.exe: 0000138C: 19:28:12 [TUniServerModule]:Debug Mode = ON
POSWeb.exe: 0000138C: 19:28:12 [TUniServerModule]:Global Cache Folder Erased. <7> Files deleted.
POSWeb.exe: 0000138C: 19:28:13 [TUniServerModule]:Starting HTTP Server on Port: 8077...
POSWeb.exe: 0000138C: 19:28:13 [TUniServerModule]:HTTP Server Started on Port: 8077
POSWeb.exe: 00000E60: 19:28:34 [127.0.0.1]:EUniSessionException : Invalid session or session Timeout. : Addr: $00796453
POSWeb.exe: 000012C4: 19:28:53 []:>--------------------------------------------------------------<
POSWeb.exe: 000012C4: 19:28:53 [TUniServerModule]:Server First Init.
POSWeb.exe: 000012C4: 19:28:53 [TUniServerModule]:Debug Mode = ON
POSWeb.exe: 000012C4: 19:28:53 [TUniServerModule]:Global Cache Folder Erased. <9> Files deleted.
POSWeb.exe: 000012C4: 19:28:53 [TUniServerModule]:Starting HTTP Server on Port: 8077...
POSWeb.exe: 000012C4: 19:28:53 [TUniServerModule]:HTTP Server Started on Port: 8077
POSWeb.exe: 000011A0: 19:29:00 [127.0.0.1]:EUniSessionException : Invalid session or session Timeout. : Addr: $00796453
POSWeb.exe: 00000624: 20:07:38 []:>--------------------------------------------------------------<
POSWeb.exe: 00000624: 20:07:38 [TUniServerModule]:Server First Init.
POSWeb.exe: 00000624: 20:07:38 [TUniServerModule]:Debug Mode = ON
POSWeb.exe: 00000624: 20:07:38 [TUniServerModule]:Global Cache Folder Erased. <5> Files deleted.
POSWeb.exe: 00000624: 20:07:38 [TUniServerModule]:Starting HTTP Server on Port: 8077...
POSWeb.exe: 00000624: 20:07:38 [TUniServerModule]:HTTP Server Started on Port: 8077
POSWeb.exe: 0000021C: 20:09:06 []:>--------------------------------------------------------------<
POSWeb.exe: 0000021C: 20:09:06 [TUniServerModule]:Server First Init.
POSWeb.exe: 0000021C: 20:09:06 [TUniServerModule]:Debug Mode = ON
POSWeb.exe: 0000021C: 20:09:06 [TUniServerModule]:Global Cache Folder Erased. <10> Files deleted.
POSWeb.exe: 0000021C: 20:09:06 [TUniServerModule]:Starting HTTP Server on Port: 8077...
POSWeb.exe: 0000021C: 20:09:06 [TUniServerModule]:HTTP Server Started on Port: 8077
POSWeb.exe: 000013B4: 20:09:12 [127.0.0.1]:EUniSessionException : Invalid session or session Timeout. : Addr: $00796453
POSWeb.exe: 00000C04: 20:10:50 []:>--------------------------------------------------------------<
POSWeb.exe: 00000C04: 20:10:50 [TUniServerModule]:Server First Init.
POSWeb.exe: 00000C04: 20:10:50 [TUniServerModule]:Debug Mode = ON
POSWeb.exe: 00000C04: 20:10:50 [TUniServerModule]:Global Cache Folder Erased. <10> Files deleted.
POSWeb.exe: 00000C04: 20:10:50 [TUniServerModule]:Starting HTTP Server on Port: 8077...
POSWeb.exe: 00000C04: 20:10:50 [TUniServerModule]:HTTP Server Started on Port: 8077
POSWeb.exe: 000013FC: 20:10:54 [127.0.0.1]:EUniSessionException : Invalid session or session Timeout. : Addr: $00796453
POSWeb.exe: 000009E4: 20:15:58 []:>--------------------------------------------------------------<
POSWeb.exe: 000009E4: 20:15:58 [TUniServerModule]:Server First Init.
POSWeb.exe: 000009E4: 20:15:58 [TUniServerModule]:Global Cache Folder Erased. <7> Files deleted.
POSWeb.exe: 000009E4: 20:15:58 [TUniServerModule]:Starting HTTP Server on Port: 8077...
POSWeb.exe: 000009E4: 20:15:58 [TUniServerModule]:HTTP Server Started on Port: 8077
POSWeb.exe: 0000036C: 20:16:00 [127.0.0.1]:EUniSessionException : Invalid session or session Timeout. : Addr: $00796453
POSWeb.exe: 0000036C: 20:16:00 [127.0.0.1]:EUniSessionException : Invalid session or session Timeout. : Addr: $00796453
