POSWeb.exe: 00000458: 18:48:23 []:>--------------------------------------------------------------<
POSWeb.exe: 00000458: 18:48:23 [TUniServerModule]:Server First Init.
POSWeb.exe: 00000458: 18:48:23 [TUniServerModule]:Debug Mode = ON
POSWeb.exe: 00000458: 18:48:23 [TUniServerModule]:Starting HTTP Server on Port: 8077...
POSWeb.exe: 00000458: 18:48:26 [InitWebServer]:EIdCouldNotBindSocket : Could not bind socket. Address and port are already in use. : Addr: $006F5221
POSWeb.exe: 00000F28: 18:48:58 []:>--------------------------------------------------------------<
POSWeb.exe: 00000F28: 18:48:58 [TUniServerModule]:Server First Init.
POSWeb.exe: 00000F28: 18:48:58 [TUniServerModule]:Debug Mode = ON
POSWeb.exe: 00000F28: 18:48:58 [TUniServerModule]:Global Cache Folder Erased. <1> Files deleted.
POSWeb.exe: 00000F28: 18:48:58 [TUniServerModule]:Starting HTTP Server on Port: 8077...
POSWeb.exe: 00000F28: 18:49:00 [InitWebServer]:EIdCouldNotBindSocket : Could not bind socket. Address and port are already in use. : Addr: $006F5221
POSWeb.exe: 00000988: 18:49:25 []:>--------------------------------------------------------------<
POSWeb.exe: 00000988: 18:49:25 [TUniServerModule]:Server First Init.
POSWeb.exe: 00000988: 18:49:25 [TUniServerModule]:Debug Mode = ON
POSWeb.exe: 00000988: 18:49:25 [TUniServerModule]:Global Cache Folder Erased. <1> Files deleted.
POSWeb.exe: 00000988: 18:49:25 [TUniServerModule]:Starting HTTP Server on Port: 8077...
POSWeb.exe: 00000988: 18:49:25 [TUniServerModule]:HTTP Server Started on Port: 8077
POSWeb.exe: 00000CC0: 18:52:04 []:>--------------------------------------------------------------<
POSWeb.exe: 00000CC0: 18:52:04 [TUniServerModule]:Server First Init.
POSWeb.exe: 00000CC0: 18:52:04 [TUniServerModule]:Debug Mode = ON
POSWeb.exe: 00000CC0: 18:52:04 [TUniServerModule]:Global Cache Folder Erased. <1> Files deleted.
POSWeb.exe: 00000CC0: 18:52:04 [TUniServerModule]:Starting HTTP Server on Port: 8077...
POSWeb.exe: 00000CC0: 18:52:04 [TUniServerModule]:HTTP Server Started on Port: 8077
