POSWeb.exe: 00000C1C: 23:25:29 []:>--------------------------------------------------------------<
POSWeb.exe: 00000C1C: 23:25:29 [TUniServerModule]:Server First Init.
POSWeb.exe: 00000C1C: 23:25:29 [TUniServerModule]:Debug Mode = ON
POSWeb.exe: 00000C1C: 23:25:29 [TUniServerModule]:Starting HTTP Server on Port: 8077...
POSWeb.exe: 00000C1C: 23:25:29 [TUniServerModule]:HTTP Server Started on Port: 8077
POSWeb.exe: 00000814: 23:25:40 []:>--------------------------------------------------------------<
POSWeb.exe: 00000814: 23:25:40 [TUniServerModule]:Server First Init.
POSWeb.exe: 00000814: 23:25:40 [TUniServerModule]:Debug Mode = ON
POSWeb.exe: 00000814: 23:25:40 [TUniServerModule]:Global Cache Folder Erased. <1> Files deleted.
POSWeb.exe: 00000814: 23:25:40 [TUniServerModule]:Starting HTTP Server on Port: 8077...
POSWeb.exe: 00000814: 23:25:40 [TUniServerModule]:HTTP Server Started on Port: 8077
POSWeb.exe: 00000934: 23:29:01 []:>--------------------------------------------------------------<
POSWeb.exe: 00000934: 23:29:01 [TUniServerModule]:Server First Init.
POSWeb.exe: 00000934: 23:29:01 [TUniServerModule]:Debug Mode = ON
POSWeb.exe: 00000934: 23:29:01 [TUniServerModule]:Global Cache Folder Erased. <10> Files deleted.
POSWeb.exe: 00000934: 23:29:01 [TUniServerModule]:Starting HTTP Server on Port: 8077...
POSWeb.exe: 00000934: 23:29:01 [TUniServerModule]:HTTP Server Started on Port: 8077
POSWeb.exe: 00000DB4: 23:29:33 [127.0.0.1]:EUniSessionException : Invalid session or session Timeout. : Addr: $0079C65F
POSWeb.exe: 00000D00: 23:30:14 []:>--------------------------------------------------------------<
POSWeb.exe: 00000D00: 23:30:14 [TUniServerModule]:Server First Init.
POSWeb.exe: 00000D00: 23:30:14 [TUniServerModule]:Debug Mode = ON
POSWeb.exe: 00000D00: 23:30:14 [TUniServerModule]:Global Cache Folder Erased. <10> Files deleted.
POSWeb.exe: 00000D00: 23:30:14 [TUniServerModule]:Starting HTTP Server on Port: 8077...
POSWeb.exe: 00000D00: 23:30:14 [TUniServerModule]:HTTP Server Started on Port: 8077
POSWeb.exe: 0000135C: 23:30:39 [127.0.0.1]:EUniSessionException : Invalid session or session Timeout. : Addr: $0079C65F
POSWeb.exe: 000013CC: 23:37:54 []:>--------------------------------------------------------------<
POSWeb.exe: 000013CC: 23:37:54 [TUniServerModule]:Server First Init.
POSWeb.exe: 000013CC: 23:37:54 [TUniServerModule]:Debug Mode = ON
POSWeb.exe: 000013CC: 23:37:54 [TUniServerModule]:Global Cache Folder Erased. <16> Files deleted.
POSWeb.exe: 000013CC: 23:37:54 [TUniServerModule]:Starting HTTP Server on Port: 8077...
POSWeb.exe: 000013CC: 23:37:54 [TUniServerModule]:HTTP Server Started on Port: 8077
POSWeb.exe: 000000F4: 23:38:04 [127.0.0.1]:EUniSessionException : Invalid session or session Timeout. : Addr: $0079C65F
POSWeb.exe: 00001088: 23:39:17 []:>--------------------------------------------------------------<
POSWeb.exe: 00001088: 23:39:17 [TUniServerModule]:Server First Init.
POSWeb.exe: 00001088: 23:39:17 [TUniServerModule]:Debug Mode = ON
POSWeb.exe: 00001088: 23:39:17 [TUniServerModule]:Global Cache Folder Erased. <38> Files deleted.
POSWeb.exe: 00001088: 23:39:17 [TUniServerModule]:Starting HTTP Server on Port: 8077...
POSWeb.exe: 00001088: 23:39:17 [TUniServerModule]:HTTP Server Started on Port: 8077
POSWeb.exe: 000005E0: 23:39:28 [127.0.0.1]:EUniSessionException : Invalid session or session Timeout. : Addr: $0079C65F
