POSWeb.exe: 00000764: 00:27:43 []:>--------------------------------------------------------------<
POSWeb.exe: 00000764: 00:27:43 [TUniServerModule]:Server First Init.
POSWeb.exe: 00000764: 00:27:43 [TUniServerModule]:Debug Mode = ON
POSWeb.exe: 00000764: 00:27:43 [TUniServerModule]:Global Cache Folder Erased. <19> Files deleted.
POSWeb.exe: 00000764: 00:27:43 [TUniServerModule]:Starting HTTP Server on Port: 8077...
POSWeb.exe: 00000764: 00:27:43 [TUniServerModule]:HTTP Server Started on Port: 8077
POSWeb.exe: 00001324: 00:28:50 []:>--------------------------------------------------------------<
POSWeb.exe: 00001324: 00:28:50 [TUniServerModule]:Server First Init.
POSWeb.exe: 00001324: 00:28:50 [TUniServerModule]:Debug Mode = ON
POSWeb.exe: 00001324: 00:28:50 [TUniServerModule]:Global Cache Folder Erased. <51> Files deleted.
POSWeb.exe: 00001324: 00:28:50 [TUniServerModule]:Starting HTTP Server on Port: 8077...
POSWeb.exe: 00001324: 00:28:50 [TUniServerModule]:HTTP Server Started on Port: 8077
POSWeb.exe: 00001350: 00:28:50 [127.0.0.1]:EUniSessionException : Invalid session or session Timeout. : Addr: $007DD21B
POSWeb.exe: 00001128: 00:30:32 []:>--------------------------------------------------------------<
POSWeb.exe: 00001128: 00:30:32 [TUniServerModule]:Server First Init.
POSWeb.exe: 00001128: 00:30:32 [TUniServerModule]:Debug Mode = ON
POSWeb.exe: 00001128: 00:30:32 [TUniServerModule]:Global Cache Folder Erased. <49> Files deleted.
POSWeb.exe: 00001128: 00:30:32 [TUniServerModule]:Starting HTTP Server on Port: 8077...
POSWeb.exe: 00001128: 00:30:32 [TUniServerModule]:HTTP Server Started on Port: 8077
POSWeb.exe: 000011B0: 00:30:37 [127.0.0.1]:EUniSessionException : Invalid session or session Timeout. : Addr: $007DD21B
POSWeb.exe: 000012E4: 00:32:03 []:>--------------------------------------------------------------<
POSWeb.exe: 000012E4: 00:32:03 [TUniServerModule]:Server First Init.
POSWeb.exe: 000012E4: 00:32:03 [TUniServerModule]:Debug Mode = ON
POSWeb.exe: 000012E4: 00:32:03 [TUniServerModule]:Global Cache Folder Erased. <48> Files deleted.
POSWeb.exe: 000012E4: 00:32:03 [TUniServerModule]:Starting HTTP Server on Port: 8077...
POSWeb.exe: 000012E4: 00:32:03 [TUniServerModule]:HTTP Server Started on Port: 8077
POSWeb.exe: 000009A8: 00:32:03 [127.0.0.1]:EUniSessionException : Invalid session or session Timeout. : Addr: $007DD21B
POSWeb.exe: 00001170: 00:33:40 []:>--------------------------------------------------------------<
POSWeb.exe: 00001170: 00:33:40 [TUniServerModule]:Server First Init.
POSWeb.exe: 00001170: 00:33:40 [TUniServerModule]:Debug Mode = ON
POSWeb.exe: 00001170: 00:33:40 [TUniServerModule]:Global Cache Folder Erased. <48> Files deleted.
POSWeb.exe: 00001170: 00:33:40 [TUniServerModule]:Starting HTTP Server on Port: 8077...
POSWeb.exe: 00001170: 00:33:40 [TUniServerModule]:HTTP Server Started on Port: 8077
POSWeb.exe: 000011CC: 00:33:42 [127.0.0.1]:EUniSessionException : Invalid session or session Timeout. : Addr: $007DD21B
POSWeb.exe: 000003D4: 21:00:25 []:>--------------------------------------------------------------<
POSWeb.exe: 000003D4: 21:00:25 [TUniServerModule]:Server First Init.
POSWeb.exe: 000003D4: 21:00:25 [TUniServerModule]:Debug Mode = ON
POSWeb.exe: 000003D4: 21:00:25 [TUniServerModule]:Global Cache Folder Erased. <19> Files deleted.
POSWeb.exe: 000003D4: 21:00:25 [TUniServerModule]:Starting HTTP Server on Port: 8077...
POSWeb.exe: 000003D4: 21:00:25 [TUniServerModule]:HTTP Server Started on Port: 8077
POSWeb.exe: 00000CDC: 21:01:53 []:>--------------------------------------------------------------<
POSWeb.exe: 00000CDC: 21:01:53 [TUniServerModule]:Server First Init.
POSWeb.exe: 00000CDC: 21:01:53 [TUniServerModule]:Debug Mode = ON
POSWeb.exe: 00000CDC: 21:01:53 [TUniServerModule]:Global Cache Folder Erased. <19> Files deleted.
POSWeb.exe: 00000CDC: 21:01:53 [TUniServerModule]:Starting HTTP Server on Port: 8077...
POSWeb.exe: 00000CDC: 21:01:53 [TUniServerModule]:HTTP Server Started on Port: 8077
POSWeb.exe: 00000FA0: 21:04:35 []:>--------------------------------------------------------------<
POSWeb.exe: 00000FA0: 21:04:35 [TUniServerModule]:Server First Init.
POSWeb.exe: 00000FA0: 21:04:35 [TUniServerModule]:Debug Mode = ON
POSWeb.exe: 00000FA0: 21:04:35 [TUniServerModule]:Global Cache Folder Erased. <50> Files deleted.
POSWeb.exe: 00000FA0: 21:04:35 [TUniServerModule]:Starting HTTP Server on Port: 8077...
POSWeb.exe: 00000FA0: 21:04:35 [TUniServerModule]:HTTP Server Started on Port: 8077
POSWeb.exe: 000004E8: 21:04:42 [127.0.0.1]:EUniSessionException : Invalid session or session Timeout. : Addr: $007DD21B
POSWeb.exe: 00000BD8: 21:06:33 []:>--------------------------------------------------------------<
POSWeb.exe: 00000BD8: 21:06:33 [TUniServerModule]:Server First Init.
POSWeb.exe: 00000BD8: 21:06:33 [TUniServerModule]:Debug Mode = ON
POSWeb.exe: 00000BD8: 21:06:33 [TUniServerModule]:Global Cache Folder Erased. <54> Files deleted.
POSWeb.exe: 00000BD8: 21:06:33 [TUniServerModule]:Starting HTTP Server on Port: 8077...
POSWeb.exe: 00000BD8: 21:06:33 [TUniServerModule]:HTTP Server Started on Port: 8077
POSWeb.exe: 0000090C: 21:06:40 [127.0.0.1]:EUniSessionException : Invalid session or session Timeout. : Addr: $007DD21B
POSWeb.exe: 00000D98: 21:07:24 []:>--------------------------------------------------------------<
POSWeb.exe: 00000D98: 21:07:24 [TUniServerModule]:Server First Init.
POSWeb.exe: 00000D98: 21:07:24 [TUniServerModule]:Debug Mode = ON
POSWeb.exe: 00000D98: 21:07:24 [TUniServerModule]:Global Cache Folder Erased. <50> Files deleted.
POSWeb.exe: 00000D98: 21:07:24 [TUniServerModule]:Starting HTTP Server on Port: 8077...
POSWeb.exe: 00000D98: 21:07:24 [TUniServerModule]:HTTP Server Started on Port: 8077
POSWeb.exe: 00000AA0: 21:07:25 [127.0.0.1]:EUniSessionException : Invalid session or session Timeout. : Addr: $007DD21B
POSWeb.exe: 00000930: 21:08:27 []:>--------------------------------------------------------------<
POSWeb.exe: 00000930: 21:08:27 [TUniServerModule]:Server First Init.
POSWeb.exe: 00000930: 21:08:27 [TUniServerModule]:Debug Mode = ON
POSWeb.exe: 00000930: 21:08:27 [TUniServerModule]:Global Cache Folder Erased. <48> Files deleted.
POSWeb.exe: 00000930: 21:08:27 [TUniServerModule]:Starting HTTP Server on Port: 8077...
POSWeb.exe: 00000930: 21:08:27 [TUniServerModule]:HTTP Server Started on Port: 8077
POSWeb.exe: 000010D4: 21:08:31 [127.0.0.1]:EUniSessionException : Invalid session or session Timeout. : Addr: $007F5AFB
POSWeb.exe: 00001288: 21:19:27 []:>--------------------------------------------------------------<
POSWeb.exe: 00001288: 21:19:27 [TUniServerModule]:Server First Init.
POSWeb.exe: 00001288: 21:19:27 [TUniServerModule]:Debug Mode = ON
POSWeb.exe: 00001288: 21:19:27 [TUniServerModule]:Global Cache Folder Erased. <51> Files deleted.
POSWeb.exe: 00001288: 21:19:27 [TUniServerModule]:Starting HTTP Server on Port: 8077...
POSWeb.exe: 00001288: 21:19:27 [TUniServerModule]:HTTP Server Started on Port: 8077
POSWeb.exe: 00000658: 21:19:31 [127.0.0.1]:EUniSessionException : Invalid session or session Timeout. : Addr: $007F5B97
POSWeb.exe: 00000A30: 21:21:07 []:>--------------------------------------------------------------<
POSWeb.exe: 00000A30: 21:21:07 [TUniServerModule]:Server First Init.
POSWeb.exe: 00000A30: 21:21:07 [TUniServerModule]:Debug Mode = ON
POSWeb.exe: 00000A30: 21:21:07 [TUniServerModule]:Global Cache Folder Erased. <48> Files deleted.
POSWeb.exe: 00000A30: 21:21:07 [TUniServerModule]:Starting HTTP Server on Port: 8077...
POSWeb.exe: 00000A30: 21:21:07 [TUniServerModule]:HTTP Server Started on Port: 8077
POSWeb.exe: 00000950: 21:21:10 [127.0.0.1]:EUniSessionException : Invalid session or session Timeout. : Addr: $007F5B97
POSWeb.exe: 00000F60: 21:21:10 [127.0.0.1]:EUniSessionException : Invalid session or session Timeout. : Addr: $007F5B97
POSWeb.exe: 00001158: 21:39:40 []:>--------------------------------------------------------------<
POSWeb.exe: 00001158: 21:39:40 [TUniServerModule]:Server First Init.
POSWeb.exe: 00001158: 21:39:40 [TUniServerModule]:Debug Mode = ON
POSWeb.exe: 00001158: 21:39:40 [TUniServerModule]:Global Cache Folder Erased. <47> Files deleted.
POSWeb.exe: 00001158: 21:39:40 [TUniServerModule]:Starting HTTP Server on Port: 8077...
POSWeb.exe: 00001158: 21:39:40 [TUniServerModule]:HTTP Server Started on Port: 8077
POSWeb.exe: 00001368: 21:39:40 [127.0.0.1]:EUniSessionException : Invalid session or session Timeout. : Addr: $007F5B97
POSWeb.exe: 0000122C: 21:40:52 []:>--------------------------------------------------------------<
POSWeb.exe: 0000122C: 21:40:52 [TUniServerModule]:Server First Init.
POSWeb.exe: 0000122C: 21:40:52 [TUniServerModule]:Debug Mode = ON
POSWeb.exe: 0000122C: 21:40:52 [TUniServerModule]:Global Cache Folder Erased. <18> Files deleted.
POSWeb.exe: 0000122C: 21:40:52 [TUniServerModule]:Starting HTTP Server on Port: 8077...
POSWeb.exe: 0000122C: 21:40:52 [TUniServerModule]:HTTP Server Started on Port: 8077
POSWeb.exe: 00000E60: 21:40:57 [127.0.0.1]:EUniSessionException : Invalid session or session Timeout. : Addr: $007F5B97
POSWeb.exe: 000011A0: 21:41:31 []:>--------------------------------------------------------------<
POSWeb.exe: 000011A0: 21:41:31 [TUniServerModule]:Server First Init.
POSWeb.exe: 000011A0: 21:41:31 [TUniServerModule]:Debug Mode = ON
POSWeb.exe: 000011A0: 21:41:31 [TUniServerModule]:Global Cache Folder Erased. <18> Files deleted.
POSWeb.exe: 000011A0: 21:41:31 [TUniServerModule]:Starting HTTP Server on Port: 8077...
POSWeb.exe: 000011A0: 21:41:31 [TUniServerModule]:HTTP Server Started on Port: 8077
POSWeb.exe: 00000330: 21:41:34 [127.0.0.1]:EUniSessionException : Invalid session or session Timeout. : Addr: $007F5B97
POSWeb.exe: 0000124C: 21:41:58 []:>--------------------------------------------------------------<
POSWeb.exe: 0000124C: 21:41:58 [TUniServerModule]:Server First Init.
POSWeb.exe: 0000124C: 21:41:58 [TUniServerModule]:Debug Mode = ON
POSWeb.exe: 0000124C: 21:41:58 [TUniServerModule]:Global Cache Folder Erased. <18> Files deleted.
POSWeb.exe: 0000124C: 21:41:58 [TUniServerModule]:Starting HTTP Server on Port: 8077...
POSWeb.exe: 0000124C: 21:41:58 [TUniServerModule]:HTTP Server Started on Port: 8077
POSWeb.exe: 00000394: 21:42:06 [127.0.0.1]:EUniSessionException : Invalid session or session Timeout. : Addr: $007F5B97
POSWeb.exe: 00001394: 21:42:28 []:>--------------------------------------------------------------<
POSWeb.exe: 00001394: 21:42:28 [TUniServerModule]:Server First Init.
POSWeb.exe: 00001394: 21:42:28 [TUniServerModule]:Debug Mode = ON
POSWeb.exe: 00001394: 21:42:28 [TUniServerModule]:Global Cache Folder Erased. <18> Files deleted.
POSWeb.exe: 00001394: 21:42:28 [TUniServerModule]:Starting HTTP Server on Port: 8077...
POSWeb.exe: 00001394: 21:42:28 [TUniServerModule]:HTTP Server Started on Port: 8077
POSWeb.exe: 00001318: 21:42:34 [127.0.0.1]:EUniSessionException : Invalid session or session Timeout. : Addr: $007F5B97
POSWeb.exe: 00000ACC: 21:43:25 []:>--------------------------------------------------------------<
POSWeb.exe: 00000ACC: 21:43:25 [TUniServerModule]:Server First Init.
POSWeb.exe: 00000ACC: 21:43:25 [TUniServerModule]:Debug Mode = ON
POSWeb.exe: 00000ACC: 21:43:25 [TUniServerModule]:Global Cache Folder Erased. <18> Files deleted.
POSWeb.exe: 00000ACC: 21:43:25 [TUniServerModule]:Starting HTTP Server on Port: 8077...
POSWeb.exe: 00000ACC: 21:43:25 [TUniServerModule]:HTTP Server Started on Port: 8077
POSWeb.exe: 00000CBC: 21:43:55 [127.0.0.1]:EUniSessionException : Invalid session or session Timeout. : Addr: $007F5B97
POSWeb.exe: 00000C18: 21:44:19 []:>--------------------------------------------------------------<
POSWeb.exe: 00000C18: 21:44:19 [TUniServerModule]:Server First Init.
POSWeb.exe: 00000C18: 21:44:19 [TUniServerModule]:Debug Mode = ON
POSWeb.exe: 00000C18: 21:44:19 [TUniServerModule]:Global Cache Folder Erased. <18> Files deleted.
POSWeb.exe: 00000C18: 21:44:19 [TUniServerModule]:Starting HTTP Server on Port: 8077...
POSWeb.exe: 00000C18: 21:44:19 [TUniServerModule]:HTTP Server Started on Port: 8077
POSWeb.exe: 00000D98: 21:44:29 [127.0.0.1]:EUniSessionException : Invalid session or session Timeout. : Addr: $007F5B97
POSWeb.exe: 00000CC4: 21:45:14 []:>--------------------------------------------------------------<
POSWeb.exe: 00000CC4: 21:45:14 [TUniServerModule]:Server First Init.
POSWeb.exe: 00000CC4: 21:45:14 [TUniServerModule]:Debug Mode = ON
POSWeb.exe: 00000CC4: 21:45:14 [TUniServerModule]:Global Cache Folder Erased. <18> Files deleted.
POSWeb.exe: 00000CC4: 21:45:14 [TUniServerModule]:Starting HTTP Server on Port: 8077...
POSWeb.exe: 00000CC4: 21:45:14 [TUniServerModule]:HTTP Server Started on Port: 8077
POSWeb.exe: 00000F74: 21:45:16 [127.0.0.1]:EUniSessionException : Invalid session or session Timeout. : Addr: $007F5B97
POSWeb.exe: 00000EEC: 21:45:45 []:>--------------------------------------------------------------<
POSWeb.exe: 00000EEC: 21:45:45 [TUniServerModule]:Server First Init.
POSWeb.exe: 00000EEC: 21:45:45 [TUniServerModule]:Debug Mode = ON
POSWeb.exe: 00000EEC: 21:45:45 [TUniServerModule]:Global Cache Folder Erased. <18> Files deleted.
POSWeb.exe: 00000EEC: 21:45:45 [TUniServerModule]:Starting HTTP Server on Port: 8077...
POSWeb.exe: 00000EEC: 21:45:45 [TUniServerModule]:HTTP Server Started on Port: 8077
POSWeb.exe: 00001058: 21:45:47 [127.0.0.1]:EUniSessionException : Invalid session or session Timeout. : Addr: $007F5B97
POSWeb.exe: 00000218: 21:49:06 []:>--------------------------------------------------------------<
POSWeb.exe: 00000218: 21:49:06 [TUniServerModule]:Server First Init.
POSWeb.exe: 00000218: 21:49:06 [TUniServerModule]:Debug Mode = ON
POSWeb.exe: 00000218: 21:49:06 [TUniServerModule]:Global Cache Folder Erased. <18> Files deleted.
POSWeb.exe: 00000218: 21:49:06 [TUniServerModule]:Starting HTTP Server on Port: 8077...
POSWeb.exe: 00000218: 21:49:06 [TUniServerModule]:HTTP Server Started on Port: 8077
POSWeb.exe: 000012C0: 21:49:08 [127.0.0.1]:EUniSessionException : Invalid session or session Timeout. : Addr: $007F5B97
POSWeb.exe: 00000FA4: 21:51:38 []:>--------------------------------------------------------------<
POSWeb.exe: 00000FA4: 21:51:38 [TUniServerModule]:Server First Init.
POSWeb.exe: 00000FA4: 21:51:38 [TUniServerModule]:Debug Mode = ON
POSWeb.exe: 00000FA4: 21:51:38 [TUniServerModule]:Global Cache Folder Erased. <18> Files deleted.
POSWeb.exe: 00000FA4: 21:51:38 [TUniServerModule]:Starting HTTP Server on Port: 8077...
POSWeb.exe: 00000FA4: 21:51:38 [TUniServerModule]:HTTP Server Started on Port: 8077
POSWeb.exe: 000004F4: 21:51:42 [127.0.0.1]:EUniSessionException : Invalid session or session Timeout. : Addr: $007F5B97
POSWeb.exe: 00000D60: 21:52:12 []:>--------------------------------------------------------------<
POSWeb.exe: 00000D60: 21:52:12 [TUniServerModule]:Server First Init.
POSWeb.exe: 00000D60: 21:52:12 [TUniServerModule]:Debug Mode = ON
POSWeb.exe: 00000D60: 21:52:12 [TUniServerModule]:Global Cache Folder Erased. <18> Files deleted.
POSWeb.exe: 00000D60: 21:52:12 [TUniServerModule]:Starting HTTP Server on Port: 8077...
POSWeb.exe: 00000D60: 21:52:12 [TUniServerModule]:HTTP Server Started on Port: 8077
POSWeb.exe: 00000B70: 21:52:14 [127.0.0.1]:EUniSessionException : Invalid session or session Timeout. : Addr: $007F5B97
POSWeb.exe: 00000A40: 21:53:47 []:>--------------------------------------------------------------<
POSWeb.exe: 00000A40: 21:53:47 [TUniServerModule]:Server First Init.
POSWeb.exe: 00000A40: 21:53:47 [TUniServerModule]:Debug Mode = ON
POSWeb.exe: 00000A40: 21:53:47 [TUniServerModule]:Global Cache Folder Erased. <18> Files deleted.
POSWeb.exe: 00000A40: 21:53:47 [TUniServerModule]:Starting HTTP Server on Port: 8077...
POSWeb.exe: 00000A40: 21:53:47 [TUniServerModule]:HTTP Server Started on Port: 8077
POSWeb.exe: 00000778: 21:53:55 [127.0.0.1]:EUniSessionException : Invalid session or session Timeout. : Addr: $007F5B97
POSWeb.exe: 000009FC: 21:54:49 []:>--------------------------------------------------------------<
POSWeb.exe: 000009FC: 21:54:49 [TUniServerModule]:Server First Init.
POSWeb.exe: 000009FC: 21:54:49 [TUniServerModule]:Debug Mode = ON
POSWeb.exe: 000009FC: 21:54:49 [TUniServerModule]:Global Cache Folder Erased. <18> Files deleted.
POSWeb.exe: 000009FC: 21:54:49 [TUniServerModule]:Starting HTTP Server on Port: 8077...
POSWeb.exe: 000009FC: 21:54:49 [TUniServerModule]:HTTP Server Started on Port: 8077
POSWeb.exe: 00000188: 21:54:55 [127.0.0.1]:EUniSessionException : Invalid session or session Timeout. : Addr: $007F5B97
POSWeb.exe: 00000E8C: 21:55:52 []:>--------------------------------------------------------------<
POSWeb.exe: 00000E8C: 21:55:52 [TUniServerModule]:Server First Init.
POSWeb.exe: 00000E8C: 21:55:52 [TUniServerModule]:Debug Mode = ON
POSWeb.exe: 00000E8C: 21:55:52 [TUniServerModule]:Global Cache Folder Erased. <18> Files deleted.
POSWeb.exe: 00000E8C: 21:55:52 [TUniServerModule]:Starting HTTP Server on Port: 8077...
POSWeb.exe: 00000E8C: 21:55:52 [TUniServerModule]:HTTP Server Started on Port: 8077
POSWeb.exe: 00001058: 21:55:54 [127.0.0.1]:EUniSessionException : Invalid session or session Timeout. : Addr: $007F5B97
POSWeb.exe: 0000046C: 21:57:56 []:>--------------------------------------------------------------<
POSWeb.exe: 0000046C: 21:57:56 [TUniServerModule]:Server First Init.
POSWeb.exe: 0000046C: 21:57:56 [TUniServerModule]:Debug Mode = ON
POSWeb.exe: 0000046C: 21:57:56 [TUniServerModule]:Global Cache Folder Erased. <18> Files deleted.
POSWeb.exe: 0000046C: 21:57:56 [TUniServerModule]:Starting HTTP Server on Port: 8077...
POSWeb.exe: 0000046C: 21:57:56 [TUniServerModule]:HTTP Server Started on Port: 8077
POSWeb.exe: 00001218: 21:58:00 [127.0.0.1]:EUniSessionException : Invalid session or session Timeout. : Addr: $007F5B97
POSWeb.exe: 00000E60: 22:03:40 []:>--------------------------------------------------------------<
POSWeb.exe: 00000E60: 22:03:40 [TUniServerModule]:Server First Init.
POSWeb.exe: 00000E60: 22:03:40 [TUniServerModule]:Global Cache Folder Erased. <20> Files deleted.
POSWeb.exe: 00000E60: 22:03:40 [TUniServerModule]:Starting HTTP Server on Port: 8077...
POSWeb.exe: 00000E60: 22:03:40 [TUniServerModule]:HTTP Server Started on Port: 8077
POSWeb.exe: 00000E60: 22:08:17 [Exit]:Unexpected attempt to terminate server application with Exit Code: 0
