POSWeb.exe: 00001364: 21:06:27 []:>--------------------------------------------------------------<
POSWeb.exe: 00001364: 21:06:27 [TUniServerModule]:Server First Init.
POSWeb.exe: 00001364: 21:06:27 [TUniServerModule]:Debug Mode = ON
POSWeb.exe: 00001364: 21:06:27 [TUniServerModule]:Global Cache Folder Erased. <4> Files deleted.
POSWeb.exe: 00001364: 21:06:27 [TUniServerModule]:Starting HTTP Server on Port: 8077...
POSWeb.exe: 00001364: 21:06:28 [TUniServerModule]:HTTP Server Started on Port: 8077
POSWeb.exe: 00001234: 21:06:29 [127.0.0.1]:EUniSessionException : Invalid session or session Timeout. : Addr: $00796453
POSWeb.exe: 000012F0: 21:06:49 []:>--------------------------------------------------------------<
POSWeb.exe: 000012F0: 21:06:49 [TUniServerModule]:Server First Init.
POSWeb.exe: 000012F0: 21:06:49 [TUniServerModule]:Debug Mode = ON
POSWeb.exe: 000012F0: 21:06:49 [TUniServerModule]:Global Cache Folder Erased. <6> Files deleted.
POSWeb.exe: 000012F0: 21:06:49 [TUniServerModule]:Starting HTTP Server on Port: 8077...
POSWeb.exe: 000012F0: 21:06:49 [TUniServerModule]:HTTP Server Started on Port: 8077
POSWeb.exe: 00001038: 21:06:53 [127.0.0.1]:EUniSessionException : Invalid session or session Timeout. : Addr: $00796453
POSWeb.exe: 00000B44: 21:11:24 []:>--------------------------------------------------------------<
POSWeb.exe: 00000B44: 21:11:24 [TUniServerModule]:Server First Init.
POSWeb.exe: 00000B44: 21:11:24 [TUniServerModule]:Debug Mode = ON
POSWeb.exe: 00000B44: 21:11:24 [TUniServerModule]:Global Cache Folder Erased. <6> Files deleted.
POSWeb.exe: 00000B44: 21:11:24 [TUniServerModule]:Starting HTTP Server on Port: 8077...
POSWeb.exe: 00000B44: 21:11:24 [TUniServerModule]:HTTP Server Started on Port: 8077
POSWeb.exe: 00000C04: 21:11:31 [127.0.0.1]:EUniSessionException : Invalid session or session Timeout. : Addr: $00796453
POSWeb.exe: 000013FC: 21:13:14 []:>--------------------------------------------------------------<
POSWeb.exe: 000013FC: 21:13:14 [TUniServerModule]:Server First Init.
POSWeb.exe: 000013FC: 21:13:14 [TUniServerModule]:Debug Mode = ON
POSWeb.exe: 000013FC: 21:13:14 [TUniServerModule]:Global Cache Folder Erased. <10> Files deleted.
POSWeb.exe: 000013FC: 21:13:14 [TUniServerModule]:Starting HTTP Server on Port: 8077...
POSWeb.exe: 000013FC: 21:13:14 [TUniServerModule]:HTTP Server Started on Port: 8077
POSWeb.exe: 00001300: 21:13:17 [127.0.0.1]:EUniSessionException : Invalid session or session Timeout. : Addr: $00796453
POSWeb.exe: 000012A0: 21:14:26 []:>--------------------------------------------------------------<
POSWeb.exe: 000012A0: 21:14:26 [TUniServerModule]:Server First Init.
POSWeb.exe: 000012A0: 21:14:26 [TUniServerModule]:Debug Mode = ON
POSWeb.exe: 000012A0: 21:14:26 [TUniServerModule]:Global Cache Folder Erased. <7> Files deleted.
POSWeb.exe: 000012A0: 21:14:26 [TUniServerModule]:Starting HTTP Server on Port: 8077...
POSWeb.exe: 000012A0: 21:14:26 [TUniServerModule]:HTTP Server Started on Port: 8077
POSWeb.exe: 00000534: 21:22:39 []:>--------------------------------------------------------------<
POSWeb.exe: 00000534: 21:22:39 [TUniServerModule]:Server First Init.
POSWeb.exe: 00000534: 21:22:39 [TUniServerModule]:Debug Mode = ON
POSWeb.exe: 00000534: 21:22:39 [TUniServerModule]:Global Cache Folder Erased. <14> Files deleted.
POSWeb.exe: 00000534: 21:22:39 [TUniServerModule]:Starting HTTP Server on Port: 8077...
POSWeb.exe: 00000534: 21:22:39 [TUniServerModule]:HTTP Server Started on Port: 8077
POSWeb.exe: 00000DAC: 21:22:43 [127.0.0.1]:EUniSessionException : Invalid session or session Timeout. : Addr: $00796453
POSWeb.exe: 000011A4: 21:26:08 []:>--------------------------------------------------------------<
POSWeb.exe: 000011A4: 21:26:08 [TUniServerModule]:Server First Init.
POSWeb.exe: 000011A4: 21:26:08 [TUniServerModule]:Debug Mode = ON
POSWeb.exe: 000011A4: 21:26:08 [TUniServerModule]:Global Cache Folder Erased. <14> Files deleted.
POSWeb.exe: 000011A4: 21:26:08 [TUniServerModule]:Starting HTTP Server on Port: 8077...
POSWeb.exe: 000011A4: 21:26:08 [TUniServerModule]:HTTP Server Started on Port: 8077
POSWeb.exe: 0000137C: 21:26:14 [127.0.0.1]:EUniSessionException : Invalid session or session Timeout. : Addr: $00796453
POSWeb.exe: 00000A50: 21:26:50 []:>--------------------------------------------------------------<
POSWeb.exe: 00000A50: 21:26:50 [TUniServerModule]:Server First Init.
POSWeb.exe: 00000A50: 21:26:50 [TUniServerModule]:Debug Mode = ON
POSWeb.exe: 00000A50: 21:26:50 [TUniServerModule]:Global Cache Folder Erased. <13> Files deleted.
POSWeb.exe: 00000A50: 21:26:50 [TUniServerModule]:Starting HTTP Server on Port: 8077...
POSWeb.exe: 00000A50: 21:26:50 [TUniServerModule]:HTTP Server Started on Port: 8077
POSWeb.exe: 00000FBC: 21:26:57 [127.0.0.1]:EUniSessionException : Invalid session or session Timeout. : Addr: $00796453
