POSWeb.exe: 00000ACC: 17:13:18 []:>--------------------------------------------------------------<
POSWeb.exe: 00000ACC: 17:13:18 [TUniServerModule]:Server First Init.
POSWeb.exe: 00000ACC: 17:13:18 [TUniServerModule]:Debug Mode = ON
POSWeb.exe: 00000ACC: 17:13:18 [TUniServerModule]:Starting HTTP Server on Port: 8077...
POSWeb.exe: 00000ACC: 17:13:18 [TUniServerModule]:HTTP Server Started on Port: 8077
POSWeb.exe: 00000374: 17:30:17 []:>--------------------------------------------------------------<
POSWeb.exe: 00000374: 17:30:17 [TUniServerModule]:Server First Init.
POSWeb.exe: 00000374: 17:30:17 [TUniServerModule]:Debug Mode = ON
POSWeb.exe: 00000374: 17:30:17 [TUniServerModule]:Global Cache Folder Erased. <2> Files deleted.
POSWeb.exe: 00000374: 17:30:17 [TUniServerModule]:Starting HTTP Server on Port: 8077...
POSWeb.exe: 00000374: 17:30:17 [TUniServerModule]:HTTP Server Started on Port: 8077
POSWeb.exe: 00000944: 17:30:21 [127.0.0.1]:EUniSessionException : Invalid session or session Timeout. : Addr: $0073997F
POSWeb.exe: 00000368: 17:32:47 []:>--------------------------------------------------------------<
POSWeb.exe: 00000368: 17:32:47 [TUniServerModule]:Server First Init.
POSWeb.exe: 00000368: 17:32:47 [TUniServerModule]:Debug Mode = ON
POSWeb.exe: 00000368: 17:32:47 [TUniServerModule]:Global Cache Folder Erased. <2> Files deleted.
POSWeb.exe: 00000368: 17:32:47 [TUniServerModule]:Starting HTTP Server on Port: 8077...
POSWeb.exe: 00000368: 17:32:47 [TUniServerModule]:HTTP Server Started on Port: 8077
POSWeb.exe: 00000B7C: 17:32:50 [127.0.0.1]:EUniSessionException : Invalid session or session Timeout. : Addr: $0073CDFF
POSWeb.exe: 00000B2C: 17:33:38 []:>--------------------------------------------------------------<
POSWeb.exe: 00000B2C: 17:33:38 [TUniServerModule]:Server First Init.
POSWeb.exe: 00000B2C: 17:33:38 [TUniServerModule]:Debug Mode = ON
POSWeb.exe: 00000B2C: 17:33:38 [TUniServerModule]:Global Cache Folder Erased. <2> Files deleted.
POSWeb.exe: 00000B2C: 17:33:38 [TUniServerModule]:Starting HTTP Server on Port: 8077...
POSWeb.exe: 00000B2C: 17:33:38 [TUniServerModule]:HTTP Server Started on Port: 8077
POSWeb.exe: 00000388: 17:33:44 [127.0.0.1]:EUniSessionException : Invalid session or session Timeout. : Addr: $0073CDFF
POSWeb.exe: 0000028C: 17:51:49 []:>--------------------------------------------------------------<
POSWeb.exe: 0000028C: 17:51:49 [TUniServerModule]:Server First Init.
POSWeb.exe: 0000028C: 17:51:49 [TUniServerModule]:Debug Mode = ON
POSWeb.exe: 0000028C: 17:51:49 [TUniServerModule]:Global Cache Folder Erased. <2> Files deleted.
POSWeb.exe: 0000028C: 17:51:49 [TUniServerModule]:Starting HTTP Server on Port: 8077...
POSWeb.exe: 0000028C: 17:51:50 [TUniServerModule]:HTTP Server Started on Port: 8077
POSWeb.exe: 00000B44: 17:51:59 [127.0.0.1]:EUniSessionException : Invalid session or session Timeout. : Addr: $0073CFD7
POSWeb.exe: 000006A4: 17:55:34 []:>--------------------------------------------------------------<
POSWeb.exe: 000006A4: 17:55:34 [TUniServerModule]:Server First Init.
POSWeb.exe: 000006A4: 17:55:34 [TUniServerModule]:Debug Mode = ON
POSWeb.exe: 000006A4: 17:55:34 [TUniServerModule]:Global Cache Folder Erased. <7> Files deleted.
POSWeb.exe: 000006A4: 17:55:34 [TUniServerModule]:Starting HTTP Server on Port: 8077...
POSWeb.exe: 000006A4: 17:55:34 [TUniServerModule]:HTTP Server Started on Port: 8077
POSWeb.exe: 000003AC: 17:55:40 [127.0.0.1]:EUniSessionException : Invalid session or session Timeout. : Addr: $00782D4B
POSWeb.exe: 00000A48: 17:59:03 []:>--------------------------------------------------------------<
POSWeb.exe: 00000A48: 17:59:03 [TUniServerModule]:Server First Init.
POSWeb.exe: 00000A48: 17:59:03 [TUniServerModule]:Global Cache Folder Erased. <7> Files deleted.
POSWeb.exe: 00000A48: 17:59:03 [TUniServerModule]:Starting HTTP Server on Port: 8077...
POSWeb.exe: 00000A48: 17:59:03 [TUniServerModule]:HTTP Server Started on Port: 8077
